
*** Running vivado
    with args -log top.vds -m64 -product Vivado -mode batch -messageDb vivado.pb -notrace -source top.tcl


****** Vivado v2024.1 (64-bit)
  **** SW Build 5076996 on Wed May 22 18:36:09 MDT 2024
  **** IP Build 5075265 on Wed May 22 21:45:21 MDT 2024
  **** SharedData Build 5076995 on Wed May 22 18:29:18 MDT 2024
  **** Start of session at: Wed Aug 28 22:27:50 2024
    ** Copyright 1986-2022 Xilinx, Inc. All Rights Reserved.
    ** Copyright 2022-2024 Advanced Micro Devices, Inc. All Rights Reserved.

source top.tcl -notrace
Command: read_checkpoint -auto_incremental -incremental /home/alex/FPGALAB/Lab1/lab1/lab1.srcs/utils_1/imports/synth_1/top.dcp
INFO: [Vivado 12-5825] Read reference checkpoint from /home/alex/FPGALAB/Lab1/lab1/lab1.srcs/utils_1/imports/synth_1/top.dcp for incremental synthesis
INFO: [Vivado 12-7989] Please ensure there are no constraint changes
Command: synth_design -top top -part xc7a35tcpg236-1
Starting synth_design
Attempting to get a license for feature 'Synthesis' and/or device 'xc7a35t'
INFO: [Common 17-349] Got license for feature 'Synthesis' and/or device 'xc7a35t'
INFO: [Device 21-403] Loading part xc7a35tcpg236-1
INFO: [Device 21-9227] Part: xc7a35tcpg236-1 does not have CEAM library.
INFO: [Designutils 20-5440] No compile time benefit to using incremental synthesis; A full resynthesis will be run
INFO: [Designutils 20-4379] Flow is switching to default flow due to incremental criteria not met. If you would like to alter this behaviour and have the flow terminate instead, please set the following parameter config_implementation {autoIncr.Synth.RejectBehavior Terminate}
INFO: [Synth 8-7079] Multithreading enabled for synth_design using a maximum of 4 processes.
INFO: [Synth 8-7078] Launching helper process for spawning children vivado processes
INFO: [Synth 8-7075] Helper process launched with PID 275906
---------------------------------------------------------------------------------
Starting RTL Elaboration : Time (s): cpu = 00:00:03 ; elapsed = 00:00:03 . Memory (MB): peak = 2130.570 ; gain = 416.598 ; free physical = 1311 ; free virtual = 5268
---------------------------------------------------------------------------------
INFO: [Synth 8-6157] synthesizing module 'top' [/home/alex/FPGALAB/Lab1/lab1/lab1.srcs/sources_1/new/top.sv:3]
INFO: [Synth 8-6157] synthesizing module 'clk_divider' [/home/alex/FPGALAB/Lab1/lab1/lab1.srcs/sources_1/new/clk_divider.sv:5]
	Parameter CLK_COUNT bound to: 12500000 - type: integer 
INFO: [Synth 8-6155] done synthesizing module 'clk_divider' (0#1) [/home/alex/FPGALAB/Lab1/lab1/lab1.srcs/sources_1/new/clk_divider.sv:5]
INFO: [Synth 8-6157] synthesizing module 'clk_divider__parameterized0' [/home/alex/FPGALAB/Lab1/lab1/lab1.srcs/sources_1/new/clk_divider.sv:5]
	Parameter CLK_COUNT bound to: 200000 - type: integer 
INFO: [Synth 8-6155] done synthesizing module 'clk_divider__parameterized0' (0#1) [/home/alex/FPGALAB/Lab1/lab1/lab1.srcs/sources_1/new/clk_divider.sv:5]
INFO: [Synth 8-6157] synthesizing module 'buttoncount' [/home/alex/FPGALAB/Lab1/lab1/lab1.srcs/sources_1/new/buttoncount.sv:5]
INFO: [Synth 8-6155] done synthesizing module 'buttoncount' (0#1) [/home/alex/FPGALAB/Lab1/lab1/lab1.srcs/sources_1/new/buttoncount.sv:5]
INFO: [Synth 8-6157] synthesizing module 'seg_decoder' [/home/alex/FPGALAB/Lab1/lab1/lab1.srcs/sources_1/new/seg_decoder.sv:24]
INFO: [Synth 8-6155] done synthesizing module 'seg_decoder' (0#1) [/home/alex/FPGALAB/Lab1/lab1/lab1.srcs/sources_1/new/seg_decoder.sv:24]
INFO: [Synth 8-6155] done synthesizing module 'top' (0#1) [/home/alex/FPGALAB/Lab1/lab1/lab1.srcs/sources_1/new/top.sv:3]
WARNING: [Synth 8-3917] design top has port anode[3] driven by constant 1
WARNING: [Synth 8-3917] design top has port anode[2] driven by constant 1
---------------------------------------------------------------------------------
Finished RTL Elaboration : Time (s): cpu = 00:00:04 ; elapsed = 00:00:04 . Memory (MB): peak = 2204.539 ; gain = 490.566 ; free physical = 1223 ; free virtual = 5181
---------------------------------------------------------------------------------
---------------------------------------------------------------------------------
Start Handling Custom Attributes
---------------------------------------------------------------------------------
---------------------------------------------------------------------------------
Finished Handling Custom Attributes : Time (s): cpu = 00:00:04 ; elapsed = 00:00:04 . Memory (MB): peak = 2222.352 ; gain = 508.379 ; free physical = 1219 ; free virtual = 5177
---------------------------------------------------------------------------------
---------------------------------------------------------------------------------
Finished RTL Optimization Phase 1 : Time (s): cpu = 00:00:04 ; elapsed = 00:00:04 . Memory (MB): peak = 2222.352 ; gain = 508.379 ; free physical = 1219 ; free virtual = 5177
---------------------------------------------------------------------------------
Netlist sorting complete. Time (s): cpu = 00:00:00 ; elapsed = 00:00:00.01 . Memory (MB): peak = 2222.352 ; gain = 0.000 ; free physical = 1219 ; free virtual = 5177
INFO: [Project 1-570] Preparing netlist for logic optimization

Processing XDC Constraints
Initializing timing engine
Parsing XDC File [/home/alex/FPGALAB/Lab1/lab1/lab1.srcs/constrs_1/new/const.xdc]
Finished Parsing XDC File [/home/alex/FPGALAB/Lab1/lab1/lab1.srcs/constrs_1/new/const.xdc]
INFO: [Project 1-236] Implementation specific constraints were found while reading constraint file [/home/alex/FPGALAB/Lab1/lab1/lab1.srcs/constrs_1/new/const.xdc]. These constraints will be ignored for synthesis but will be used in implementation. Impacted constraints are listed in the file [.Xil/top_propImpl.xdc].
Resolution: To avoid this warning, move constraints listed in [.Xil/top_propImpl.xdc] to another XDC file and exclude this new file from synthesis with the used_in_synthesis property (File Properties dialog in GUI) and re-run elaboration/synthesis.
Completed Processing XDC Constraints

Netlist sorting complete. Time (s): cpu = 00:00:00 ; elapsed = 00:00:00 . Memory (MB): peak = 2355.102 ; gain = 0.000 ; free physical = 1208 ; free virtual = 5166
INFO: [Project 1-111] Unisim Transformation Summary:
No Unisim elements were transformed.

Constraint Validation Runtime : Time (s): cpu = 00:00:00 ; elapsed = 00:00:00 . Memory (MB): peak = 2355.102 ; gain = 0.000 ; free physical = 1208 ; free virtual = 5166
INFO: [Designutils 20-5440] No compile time benefit to using incremental synthesis; A full resynthesis will be run
INFO: [Designutils 20-4379] Flow is switching to default flow due to incremental criteria not met. If you would like to alter this behaviour and have the flow terminate instead, please set the following parameter config_implementation {autoIncr.Synth.RejectBehavior Terminate}
---------------------------------------------------------------------------------
Finished Constraint Validation : Time (s): cpu = 00:00:08 ; elapsed = 00:00:08 . Memory (MB): peak = 2355.102 ; gain = 641.129 ; free physical = 1204 ; free virtual = 5162
---------------------------------------------------------------------------------
---------------------------------------------------------------------------------
Start Loading Part and Timing Information
---------------------------------------------------------------------------------
Loading part: xc7a35tcpg236-1
---------------------------------------------------------------------------------
Finished Loading Part and Timing Information : Time (s): cpu = 00:00:08 ; elapsed = 00:00:08 . Memory (MB): peak = 2363.105 ; gain = 649.133 ; free physical = 1204 ; free virtual = 5162
---------------------------------------------------------------------------------
---------------------------------------------------------------------------------
Start Applying 'set_property' XDC Constraints
---------------------------------------------------------------------------------
---------------------------------------------------------------------------------
Finished applying 'set_property' XDC Constraints : Time (s): cpu = 00:00:08 ; elapsed = 00:00:08 . Memory (MB): peak = 2363.105 ; gain = 649.133 ; free physical = 1204 ; free virtual = 5162
---------------------------------------------------------------------------------
INFO: [Synth 8-802] inferred FSM for state register 'STATE_reg' in module 'top'
---------------------------------------------------------------------------------------------------
                   State |                     New Encoding |                Previous Encoding 
---------------------------------------------------------------------------------------------------
             FIRST_DIGIT |                                0 |                               00
            SECOND_DIGIT |                                1 |                               01
---------------------------------------------------------------------------------------------------
INFO: [Synth 8-3354] encoded FSM with state register 'STATE_reg' using encoding 'sequential' in module 'top'
---------------------------------------------------------------------------------
Finished RTL Optimization Phase 2 : Time (s): cpu = 00:00:08 ; elapsed = 00:00:08 . Memory (MB): peak = 2363.105 ; gain = 649.133 ; free physical = 1204 ; free virtual = 5163
---------------------------------------------------------------------------------
---------------------------------------------------------------------------------
Start RTL Component Statistics 
---------------------------------------------------------------------------------
Detailed RTL Component Info : 
+---Adders : 
	   2 Input   25 Bit       Adders := 2     
	   2 Input    4 Bit       Adders := 2     
+---Registers : 
	               25 Bit    Registers := 2     
	                8 Bit    Registers := 3     
	                4 Bit    Registers := 3     
	                1 Bit    Registers := 4     
+---Muxes : 
	   2 Input    8 Bit        Muxes := 1     
	   2 Input    4 Bit        Muxes := 2     
	   2 Input    2 Bit        Muxes := 1     
	   2 Input    1 Bit        Muxes := 1     
---------------------------------------------------------------------------------
Finished RTL Component Statistics 
---------------------------------------------------------------------------------
---------------------------------------------------------------------------------
Start Part Resource Summary
---------------------------------------------------------------------------------
Part Resources:
DSPs: 90 (col length:60)
BRAMs: 100 (col length: RAMB18 60 RAMB36 30)
---------------------------------------------------------------------------------
Finished Part Resource Summary
---------------------------------------------------------------------------------
---------------------------------------------------------------------------------
Start Cross Boundary and Area Optimization
---------------------------------------------------------------------------------
WARNING: [Synth 8-7080] Parallel synthesis criteria is not met
WARNING: [Synth 8-3917] design top has port anode[3] driven by constant 1
WARNING: [Synth 8-3917] design top has port anode[2] driven by constant 1
---------------------------------------------------------------------------------
Finished Cross Boundary and Area Optimization : Time (s): cpu = 00:00:09 ; elapsed = 00:00:09 . Memory (MB): peak = 2363.105 ; gain = 649.133 ; free physical = 1196 ; free virtual = 5159
---------------------------------------------------------------------------------
---------------------------------------------------------------------------------
Start Applying XDC Timing Constraints
---------------------------------------------------------------------------------
---------------------------------------------------------------------------------
Finished Applying XDC Timing Constraints : Time (s): cpu = 00:00:12 ; elapsed = 00:00:13 . Memory (MB): peak = 2363.105 ; gain = 649.133 ; free physical = 1199 ; free virtual = 5162
---------------------------------------------------------------------------------
---------------------------------------------------------------------------------
Start Timing Optimization
---------------------------------------------------------------------------------
---------------------------------------------------------------------------------
Finished Timing Optimization : Time (s): cpu = 00:00:12 ; elapsed = 00:00:13 . Memory (MB): peak = 2363.105 ; gain = 649.133 ; free physical = 1199 ; free virtual = 5162
---------------------------------------------------------------------------------
---------------------------------------------------------------------------------
Start Technology Mapping
---------------------------------------------------------------------------------
---------------------------------------------------------------------------------
Finished Technology Mapping : Time (s): cpu = 00:00:12 ; elapsed = 00:00:13 . Memory (MB): peak = 2363.105 ; gain = 649.133 ; free physical = 1191 ; free virtual = 5154
---------------------------------------------------------------------------------
---------------------------------------------------------------------------------
Start IO Insertion
---------------------------------------------------------------------------------
---------------------------------------------------------------------------------
Start Flattening Before IO Insertion
---------------------------------------------------------------------------------
---------------------------------------------------------------------------------
Finished Flattening Before IO Insertion
---------------------------------------------------------------------------------
---------------------------------------------------------------------------------
Start Final Netlist Cleanup
---------------------------------------------------------------------------------
---------------------------------------------------------------------------------
Finished Final Netlist Cleanup
---------------------------------------------------------------------------------
---------------------------------------------------------------------------------
Finished IO Insertion : Time (s): cpu = 00:00:15 ; elapsed = 00:00:15 . Memory (MB): peak = 2363.105 ; gain = 649.133 ; free physical = 1190 ; free virtual = 5153
---------------------------------------------------------------------------------
---------------------------------------------------------------------------------
Start Renaming Generated Instances
---------------------------------------------------------------------------------
---------------------------------------------------------------------------------
Finished Renaming Generated Instances : Time (s): cpu = 00:00:15 ; elapsed = 00:00:15 . Memory (MB): peak = 2363.105 ; gain = 649.133 ; free physical = 1190 ; free virtual = 5153
---------------------------------------------------------------------------------
---------------------------------------------------------------------------------
Start Rebuilding User Hierarchy
---------------------------------------------------------------------------------
---------------------------------------------------------------------------------
Finished Rebuilding User Hierarchy : Time (s): cpu = 00:00:15 ; elapsed = 00:00:15 . Memory (MB): peak = 2363.105 ; gain = 649.133 ; free physical = 1190 ; free virtual = 5153
---------------------------------------------------------------------------------
---------------------------------------------------------------------------------
Start Renaming Generated Ports
---------------------------------------------------------------------------------
---------------------------------------------------------------------------------
Finished Renaming Generated Ports : Time (s): cpu = 00:00:15 ; elapsed = 00:00:15 . Memory (MB): peak = 2363.105 ; gain = 649.133 ; free physical = 1190 ; free virtual = 5153
---------------------------------------------------------------------------------
---------------------------------------------------------------------------------
Start Handling Custom Attributes
---------------------------------------------------------------------------------
---------------------------------------------------------------------------------
Finished Handling Custom Attributes : Time (s): cpu = 00:00:15 ; elapsed = 00:00:15 . Memory (MB): peak = 2363.105 ; gain = 649.133 ; free physical = 1190 ; free virtual = 5153
---------------------------------------------------------------------------------
---------------------------------------------------------------------------------
Start Renaming Generated Nets
---------------------------------------------------------------------------------
---------------------------------------------------------------------------------
Finished Renaming Generated Nets : Time (s): cpu = 00:00:15 ; elapsed = 00:00:15 . Memory (MB): peak = 2363.105 ; gain = 649.133 ; free physical = 1190 ; free virtual = 5153
---------------------------------------------------------------------------------
---------------------------------------------------------------------------------
Start Writing Synthesis Report
---------------------------------------------------------------------------------

Report BlackBoxes: 
+-+--------------+----------+
| |BlackBox name |Instances |
+-+--------------+----------+
+-+--------------+----------+

Report Cell Usage: 
+------+-------+------+
|      |Cell   |Count |
+------+-------+------+
|1     |BUFG   |     1|
|2     |CARRY4 |    12|
|3     |LUT1   |     6|
|4     |LUT2   |     2|
|5     |LUT3   |    14|
|6     |LUT4   |    26|
|7     |LUT6   |     4|
|8     |FDRE   |    89|
|9     |IBUF   |     3|
|10    |OBUF   |    14|
+------+-------+------+
---------------------------------------------------------------------------------
Finished Writing Synthesis Report : Time (s): cpu = 00:00:15 ; elapsed = 00:00:15 . Memory (MB): peak = 2363.105 ; gain = 649.133 ; free physical = 1190 ; free virtual = 5153
---------------------------------------------------------------------------------
Synthesis finished with 0 errors, 0 critical warnings and 3 warnings.
Synthesis Optimization Runtime : Time (s): cpu = 00:00:14 ; elapsed = 00:00:14 . Memory (MB): peak = 2363.105 ; gain = 516.383 ; free physical = 1190 ; free virtual = 5153
Synthesis Optimization Complete : Time (s): cpu = 00:00:15 ; elapsed = 00:00:15 . Memory (MB): peak = 2363.113 ; gain = 649.133 ; free physical = 1190 ; free virtual = 5153
INFO: [Project 1-571] Translating synthesized netlist
Netlist sorting complete. Time (s): cpu = 00:00:00 ; elapsed = 00:00:00 . Memory (MB): peak = 2363.113 ; gain = 0.000 ; free physical = 1395 ; free virtual = 5358
INFO: [Netlist 29-17] Analyzing 12 Unisim elements for replacement
INFO: [Netlist 29-28] Unisim Transformation completed in 0 CPU seconds
INFO: [Project 1-570] Preparing netlist for logic optimization
INFO: [Opt 31-138] Pushed 0 inverter(s) to 0 load pin(s).
Netlist sorting complete. Time (s): cpu = 00:00:00 ; elapsed = 00:00:00 . Memory (MB): peak = 2419.133 ; gain = 0.000 ; free physical = 1476 ; free virtual = 5439
INFO: [Project 1-111] Unisim Transformation Summary:
No Unisim elements were transformed.

Synth Design complete | Checksum: a90506f7
INFO: [Common 17-83] Releasing license: Synthesis
34 Infos, 5 Warnings, 0 Critical Warnings and 0 Errors encountered.
synth_design completed successfully
synth_design: Time (s): cpu = 00:00:20 ; elapsed = 00:00:18 . Memory (MB): peak = 2419.133 ; gain = 1003.262 ; free physical = 1476 ; free virtual = 5439
INFO: [Common 17-2834] synth_design peak Physical Memory [PSS] (MB): overall = 1866.039; main = 1530.466; forked = 392.529
INFO: [Common 17-2834] synth_design peak Virtual Memory [VSS] (MB): overall = 3397.332; main = 2419.137; forked = 1034.223
Write ShapeDB Complete: Time (s): cpu = 00:00:00 ; elapsed = 00:00:00 . Memory (MB): peak = 2443.145 ; gain = 0.000 ; free physical = 1475 ; free virtual = 5438
INFO: [Common 17-1381] The checkpoint '/home/alex/FPGALAB/Lab1/lab1/lab1.runs/synth_1/top.dcp' has been generated.
INFO: [Vivado 12-24828] Executing command : report_utilization -file top_utilization_synth.rpt -pb top_utilization_synth.pb
INFO: [Common 17-206] Exiting Vivado at Wed Aug 28 22:28:16 2024...
